<?xml version="1.0" encoding="UTF-8"?>
<testng-results ignored="0" total="3" passed="3" failed="0" skipped="0">
  <reporter-output>
    <line>
      <![CDATA[method1 is running]]>
    </line>
    <line>
      <![CDATA[method1 is running]]>
    </line>
    <line>
      <![CDATA[method1 is runnig]]>
    </line>
  </reporter-output>
  <suite started-at="2022-06-26T18:07:46 IST" name="Suite" finished-at="2022-06-26T18:08:48 IST" duration-ms="61888">
    <groups>
    </groups>
    <test started-at="2022-06-26T18:07:46 IST" name="Test1" finished-at="2022-06-26T18:08:01 IST" duration-ms="14817">
      <class name="parallelExecution.MyTest3">
        <test-method signature="Method1()[pri:0, instance:parallelExecution.MyTest3@3ee37e5a]" started-at="2022-06-26T18:07:47 IST" name="Method1" finished-at="2022-06-26T18:08:01 IST" duration-ms="14734" status="PASS">
          <reporter-output>
            <line>
              <![CDATA[method1 is running]]>
            </line>
          </reporter-output>
        </test-method> <!-- Method1 -->
      </class> <!-- parallelExecution.MyTest3 -->
    </test> <!-- Test1 -->
    <test started-at="2022-06-26T18:08:01 IST" name="Test2" finished-at="2022-06-26T18:08:23 IST" duration-ms="21901">
      <class name="parallelExecution.MyTest2">
        <test-method signature="Method1()[pri:0, instance:parallelExecution.MyTest2@368247b9]" started-at="2022-06-26T18:08:01 IST" name="Method1" finished-at="2022-06-26T18:08:23 IST" duration-ms="21896" status="PASS">
          <reporter-output>
            <line>
              <![CDATA[method1 is running]]>
            </line>
          </reporter-output>
        </test-method> <!-- Method1 -->
      </class> <!-- parallelExecution.MyTest2 -->
    </test> <!-- Test2 -->
    <test started-at="2022-06-26T18:08:23 IST" name="Tes3t" finished-at="2022-06-26T18:08:48 IST" duration-ms="25017">
      <class name="parallelExecution.MyTest1">
        <test-method signature="Method1()[pri:0, instance:parallelExecution.MyTest1@3c77d488]" started-at="2022-06-26T18:08:23 IST" name="Method1" finished-at="2022-06-26T18:08:48 IST" duration-ms="25009" status="PASS">
          <reporter-output>
            <line>
              <![CDATA[method1 is runnig]]>
            </line>
          </reporter-output>
        </test-method> <!-- Method1 -->
      </class> <!-- parallelExecution.MyTest1 -->
    </test> <!-- Tes3t -->
  </suite> <!-- Suite -->
</testng-results>
