<?xml version="1.0" encoding="UTF-8"?>
<!-- Generated by org.testng.reporters.JUnitXMLReporter -->
<testsuite ignored="3" hostname="DESKTOP-DPVNQAH" failures="1" tests="1" name="Default test(failed)(failed)" time="0.094" errors="0" timestamp="2022-06-14T10:48:31 IST">
  <testcase classname="testClass.DependsOnMethod" name="D" time="0.014">
    <failure type="java.lang.AssertionError" message="null">
      <![CDATA[java.lang.AssertionError: null
at testClass.DependsOnMethod.D(DependsOnMethod.java:12)
at java.base/java.util.ArrayList.forEach(ArrayList.java:1541)
... Removed 29 stack frames]]>
    </failure>
  </testcase> <!-- D -->
  <testcase classname="testClass.DependsOnMethod" name="A" time="0.0">
    <ignored/>
  </testcase> <!-- A -->
  <testcase classname="testClass.DependsOnMethod" name="B" time="0.0">
    <ignored/>
  </testcase> <!-- B -->
  <testcase classname="testClass.DependsOnMethod" name="C" time="0.0">
    <ignored/>
  </testcase> <!-- C -->
</testsuite> <!-- Default test(failed)(failed) -->
